{
  "RSpec": {
    "coverage": {
      "/Users/MichaelJennings/Challenges/breakable-toy/solo-project/app/models/user.rb": [
        1,
        null,
        null,
        1,
        1,
        null,
        null,
        1,
        null,
        null
      ],
      "/Users/MichaelJennings/Challenges/breakable-toy/solo-project/app/models/application_record.rb": [
        1,
        1,
        null
      ],
      "/Users/MichaelJennings/Challenges/breakable-toy/solo-project/app/helpers/application_helper.rb": [
        1,
        null
      ],
      "/Users/MichaelJennings/Challenges/breakable-toy/solo-project/app/models/opinion.rb": [
        1,
        1,
        null,
        1,
        1,
        null
      ],
      "/Users/MichaelJennings/Challenges/breakable-toy/solo-project/app/models/topic.rb": [
        1,
        1,
        1,
        null,
        1,
        1,
        null
      ],
      "/Users/MichaelJennings/Challenges/breakable-toy/solo-project/app/models/user_topic.rb": [
        1,
        1,
        1,
        1,
        null,
        1,
        1,
        null
      ],
      "/Users/MichaelJennings/Challenges/breakable-toy/solo-project/app/controllers/home_controller.rb": [
        1,
        1,
        null,
        null
      ],
      "/Users/MichaelJennings/Challenges/breakable-toy/solo-project/app/controllers/application_controller.rb": [
        1,
        1,
        null
      ],
      "/Users/MichaelJennings/Challenges/breakable-toy/solo-project/app/controllers/users/registrations_controller.rb": [
        1,
        1,
        1,
        null,
        null,
        1,
        2,
        null,
        null,
        null,
        1,
        2,
        null,
        null,
        null,
        1,
        0,
        null,
        null,
        null,
        1,
        0,
        null,
        null,
        null,
        1,
        0,
        null,
        null,
        null,
        null,
        null,
        null,
        null,
        null,
        null,
        null,
        null,
        1,
        null,
        null,
        1,
        2,
        null,
        null,
        null,
        1,
        0,
        null,
        null,
        null,
        1,
        1,
        null,
        null,
        null,
        1,
        0,
        null,
        null
      ],
      "/Users/MichaelJennings/Challenges/breakable-toy/solo-project/app/controllers/users/sessions_controller.rb": [
        1,
        null,
        null,
        null,
        null,
        null,
        null,
        null,
        null,
        null,
        null,
        null,
        null,
        null,
        null,
        null,
        null,
        null,
        null,
        null,
        null,
        null,
        null,
        null,
        null
      ],
      "/Users/MichaelJennings/Challenges/breakable-toy/solo-project/app/controllers/static_pages_controller.rb": [
        1,
        null
      ],
      "/Users/MichaelJennings/Challenges/breakable-toy/solo-project/app/controllers/topics_controller.rb": [
        1,
        null,
        null,
        null,
        null,
        null,
        1,
        1,
        1,
        1,
        1,
        null,
        null,
        1,
        2,
        null,
        null,
        1,
        2,
        2,
        2,
        1,
        null,
        1,
        1,
        null,
        null,
        null,
        1,
        2,
        null,
        null
      ],
      "/Users/MichaelJennings/Challenges/breakable-toy/solo-project/app/channels/application_cable/channel.rb": [
        0,
        0,
        0,
        0
      ],
      "/Users/MichaelJennings/Challenges/breakable-toy/solo-project/app/channels/application_cable/connection.rb": [
        0,
        0,
        0,
        0
      ],
      "/Users/MichaelJennings/Challenges/breakable-toy/solo-project/app/controllers/api/v1/opinions_controller.rb": [
        0,
        0,
        0,
        0,
        0,
        0,
        0,
        0,
        0,
        0,
        0,
        0,
        0,
        0,
        0,
        0,
        0,
        0,
        0,
        0,
        0
      ],
      "/Users/MichaelJennings/Challenges/breakable-toy/solo-project/app/controllers/api/v1/topics_controller.rb": [
        0,
        0,
        0,
        0,
        0,
        0,
        0
      ],
      "/Users/MichaelJennings/Challenges/breakable-toy/solo-project/app/controllers/opinions_controller.rb": [
        0,
        0,
        0,
        0,
        0,
        0,
        0,
        0,
        0,
        0,
        0,
        0,
        0,
        0,
        0,
        0,
        0,
        0,
        0,
        0,
        0,
        0,
        0,
        0,
        0,
        0,
        0,
        0,
        0,
        0,
        0,
        0,
        0,
        0,
        0,
        0,
        0
      ],
      "/Users/MichaelJennings/Challenges/breakable-toy/solo-project/app/controllers/user_topics_controller.rb": [
        0,
        0,
        0,
        0,
        0,
        0,
        0,
        0,
        0,
        0,
        0,
        0
      ],
      "/Users/MichaelJennings/Challenges/breakable-toy/solo-project/app/controllers/users/confirmations_controller.rb": [
        0,
        0,
        0,
        0,
        0,
        0,
        0,
        0,
        0,
        0,
        0,
        0,
        0,
        0,
        0,
        0,
        0,
        0,
        0,
        0,
        0,
        0,
        0,
        0,
        0,
        0,
        0,
        0
      ],
      "/Users/MichaelJennings/Challenges/breakable-toy/solo-project/app/controllers/users/omniauth_callbacks_controller.rb": [
        0,
        0,
        0,
        0,
        0,
        0,
        0,
        0,
        0,
        0,
        0,
        0,
        0,
        0,
        0,
        0,
        0,
        0,
        0,
        0,
        0,
        0,
        0,
        0,
        0,
        0,
        0,
        0
      ],
      "/Users/MichaelJennings/Challenges/breakable-toy/solo-project/app/controllers/users/passwords_controller.rb": [
        0,
        0,
        0,
        0,
        0,
        0,
        0,
        0,
        0,
        0,
        0,
        0,
        0,
        0,
        0,
        0,
        0,
        0,
        0,
        0,
        0,
        0,
        0,
        0,
        0,
        0,
        0,
        0,
        0,
        0,
        0,
        0
      ],
      "/Users/MichaelJennings/Challenges/breakable-toy/solo-project/app/controllers/users/unlocks_controller.rb": [
        0,
        0,
        0,
        0,
        0,
        0,
        0,
        0,
        0,
        0,
        0,
        0,
        0,
        0,
        0,
        0,
        0,
        0,
        0,
        0,
        0,
        0,
        0,
        0,
        0,
        0,
        0,
        0
      ],
      "/Users/MichaelJennings/Challenges/breakable-toy/solo-project/app/jobs/application_job.rb": [
        0,
        0
      ],
      "/Users/MichaelJennings/Challenges/breakable-toy/solo-project/app/mailers/application_mailer.rb": [
        0,
        0,
        0,
        0
      ]
    },
    "timestamp": 1506627662
  }
}
